<?xml version="1.0" encoding="UTF-8"?>
<testsuite xmlns:xsi="http://www.w3.org/2001/XMLSchema-instance" xsi:noNamespaceSchemaLocation="https://maven.apache.org/surefire/maven-surefire-plugin/xsd/surefire-test-report-3.0.xsd" version="3.0" name="com.urlStatus.url.UrlApplicationTests" time="1.219" tests="1" errors="0" skipped="0" failures="0">
  <properties>
[...]
</properties>
  <testcase name="contextLoads" classname="com.urlStatus.url.UrlApplicationTests" time="0.418">
    <system-out><![CDATA[18:27:08.134 [main] INFO org.springframework.test.context.support.AnnotationConfigContextLoaderUtils -- Could not detect default configuration classes for test class [com.urlStatus.url.UrlApplicationTests]: UrlApplicationTests does not declare any static, non-private, non-final, nested classes annotated with @Configuration.
18:27:08.178 [main] INFO org.springframework.boot.test.context.SpringBootTestContextBootstrapper -- Found @SpringBootConfiguration com.urlStatus.url.UrlApplication for test class com.urlStatus.url.UrlApplicationTests

  .   ____          _            __ _ _
 /\\ / ___'_ __ _ _(_)_ __  __ _ \ \ \ \
( ( )\___ | '_ | '_| | '_ \/ _` | \ \ \ \
 \\/  ___)| |_)| | | | | || (_| |  ) ) ) )
  '  |____| .__|_| |_|_| |_\__, | / / / /
 =========|_|==============|___/=/_/_/_/
 :: Spring Boot ::                (v3.1.3)

2023-09-03T18:27:08.332+02:00  INFO 11543 --- [           main] com.urlStatus.url.UrlApplicationTests    : Starting UrlApplicationTests using Java 18.0.1 with PID 11543 (started by pkushwaha in /Users/pkushwaha/Downloads/url)
2023-09-03T18:27:08.332+02:00  INFO 11543 --- [           main] com.urlStatus.url.UrlApplicationTests    : No active profile set, falling back to 1 default profile: "default"
2023-09-03T18:27:08.776+02:00  INFO 11543 --- [           main] o.s.b.a.w.s.WelcomePageHandlerMapping    : Adding welcome page template: index
2023-09-03T18:27:08.854+02:00  INFO 11543 --- [           main] com.urlStatus.url.UrlApplicationTests    : Started UrlApplicationTests in 0.621 seconds (process running for 1.03)
]]></system-out>
  </testcase>
</testsuite>